<?xml version="1.0" encoding="UTF-8"?>
<testng-results ignored="0" total="1" passed="1" failed="0" skipped="0">
  <reporter-output>
  </reporter-output>
  <suite started-at="2020-12-22T00:41:38 IST" name="Default suite" finished-at="2020-12-22T00:42:34 IST" duration-ms="56121">
    <groups>
    </groups>
    <test started-at="2020-12-22T00:41:38 IST" name="Default test" finished-at="2020-12-22T00:42:34 IST" duration-ms="56121">
      <class name="SeleniumAutomation.HomePageNavigation">
        <test-method signature="urlNavigation(java.lang.String, java.lang.String)[pri:0, instance:SeleniumAutomation.HomePageNavigation@6a400542]" started-at="2020-12-22T00:41:38 IST" name="urlNavigation" data-provider="getData" finished-at="2020-12-22T00:42:34 IST" duration-ms="56031" status="PASS">
          <params>
            <param index="0">
              <value>
                <![CDATA[lenproautomation8@lenqat.com]]>
              </value>
            </param>
            <param index="1">
              <value>
                <![CDATA[Community17]]>
              </value>
            </param>
          </params>
          <reporter-output>
          </reporter-output>
        </test-method> <!-- urlNavigation -->
      </class> <!-- SeleniumAutomation.HomePageNavigation -->
    </test> <!-- Default test -->
  </suite> <!-- Default suite -->
</testng-results>
